

[INFO ] 2018-07-20 23:56:30,726 method:org.springframework.web.context.ContextLoader.initWebApplicationContext(ContextLoader.java:307)
Root WebApplicationContext: initialization started


[INFO ] 2018-07-20 23:56:30,789 method:org.springframework.context.support.AbstractApplicationContext.prepareRefresh(AbstractApplicationContext.java:578)
Refreshing Root WebApplicationContext: startup date [Fri Jul 20 23:56:30 CST 2018]; root of context hierarchy


[INFO ] 2018-07-20 23:56:30,817 method:org.springframework.beans.factory.xml.XmlBeanDefinitionReader.loadBeanDefinitions(XmlBeanDefinitionReader.java:317)
Loading XML bean definitions from class path resource [applicationContext.xml]


[INFO ] 2018-07-20 23:56:30,977 method:
using logger: com.alibaba.dubbo.common.logger.log4j.Log4jLoggerAdapter


[INFO ] 2018-07-20 23:56:31,109 method:org.springframework.core.io.support.PropertiesLoaderSupport.loadProperties(PropertiesLoaderSupport.java:172)
Loading properties file from file [D:\taotao\taotao-order\taotao-order-service\target\classes\db.properties]


[INFO ] 2018-07-20 23:56:31,109 method:org.springframework.core.io.support.PropertiesLoaderSupport.loadProperties(PropertiesLoaderSupport.java:172)
Loading properties file from file [D:\taotao\taotao-order\taotao-order-service\target\classes\log4j.properties]


[INFO ] 2018-07-20 23:56:31,110 method:org.springframework.core.io.support.PropertiesLoaderSupport.loadProperties(PropertiesLoaderSupport.java:172)
Loading properties file from file [D:\taotao\taotao-order\taotao-order-service\target\classes\resource.properties]


[INFO ] 2018-07-20 23:56:31,115 method:org.springframework.beans.factory.annotation.AutowiredAnnotationBeanPostProcessor.<init>(AutowiredAnnotationBeanPostProcessor.java:153)
JSR-330 'javax.inject.Inject' annotation found and supported for autowiring


[INFO ] 2018-07-20 23:56:31,756 method:org.springframework.web.context.ContextLoader.initWebApplicationContext(ContextLoader.java:347)
Root WebApplicationContext: initialization completed in 1028 ms


[INFO ] 2018-07-21 00:36:24,041 method:org.springframework.web.context.ContextLoader.initWebApplicationContext(ContextLoader.java:307)
Root WebApplicationContext: initialization started


[INFO ] 2018-07-21 00:36:24,104 method:org.springframework.context.support.AbstractApplicationContext.prepareRefresh(AbstractApplicationContext.java:578)
Refreshing Root WebApplicationContext: startup date [Sat Jul 21 00:36:24 CST 2018]; root of context hierarchy


[INFO ] 2018-07-21 00:36:24,132 method:org.springframework.beans.factory.xml.XmlBeanDefinitionReader.loadBeanDefinitions(XmlBeanDefinitionReader.java:317)
Loading XML bean definitions from class path resource [applicationContext.xml]


[INFO ] 2018-07-21 00:36:24,283 method:
using logger: com.alibaba.dubbo.common.logger.log4j.Log4jLoggerAdapter


[INFO ] 2018-07-21 00:36:24,409 method:org.springframework.core.io.support.PropertiesLoaderSupport.loadProperties(PropertiesLoaderSupport.java:172)
Loading properties file from file [D:\taotao\taotao-order\taotao-order-service\target\classes\db.properties]


[INFO ] 2018-07-21 00:36:24,410 method:org.springframework.core.io.support.PropertiesLoaderSupport.loadProperties(PropertiesLoaderSupport.java:172)
Loading properties file from file [D:\taotao\taotao-order\taotao-order-service\target\classes\log4j.properties]


[INFO ] 2018-07-21 00:36:24,410 method:org.springframework.core.io.support.PropertiesLoaderSupport.loadProperties(PropertiesLoaderSupport.java:172)
Loading properties file from file [D:\taotao\taotao-order\taotao-order-service\target\classes\resource.properties]


[INFO ] 2018-07-21 00:36:24,417 method:org.springframework.beans.factory.annotation.AutowiredAnnotationBeanPostProcessor.<init>(AutowiredAnnotationBeanPostProcessor.java:153)
JSR-330 'javax.inject.Inject' annotation found and supported for autowiring


[INFO ] 2018-07-21 00:36:25,045 method:org.springframework.web.context.ContextLoader.initWebApplicationContext(ContextLoader.java:347)
Root WebApplicationContext: initialization completed in 1003 ms


[INFO ] 2018-07-21 00:47:55,333 method:org.springframework.web.context.ContextLoader.initWebApplicationContext(ContextLoader.java:307)
Root WebApplicationContext: initialization started


[INFO ] 2018-07-21 00:47:55,397 method:org.springframework.context.support.AbstractApplicationContext.prepareRefresh(AbstractApplicationContext.java:578)
Refreshing Root WebApplicationContext: startup date [Sat Jul 21 00:47:55 CST 2018]; root of context hierarchy


[INFO ] 2018-07-21 00:47:55,426 method:org.springframework.beans.factory.xml.XmlBeanDefinitionReader.loadBeanDefinitions(XmlBeanDefinitionReader.java:317)
Loading XML bean definitions from class path resource [applicationContext.xml]


[INFO ] 2018-07-21 00:47:55,585 method:
using logger: com.alibaba.dubbo.common.logger.log4j.Log4jLoggerAdapter


[INFO ] 2018-07-21 00:47:55,718 method:org.springframework.core.io.support.PropertiesLoaderSupport.loadProperties(PropertiesLoaderSupport.java:172)
Loading properties file from file [D:\taotao\taotao-order\taotao-order-service\target\classes\db.properties]


[INFO ] 2018-07-21 00:47:55,718 method:org.springframework.core.io.support.PropertiesLoaderSupport.loadProperties(PropertiesLoaderSupport.java:172)
Loading properties file from file [D:\taotao\taotao-order\taotao-order-service\target\classes\log4j.properties]


[INFO ] 2018-07-21 00:47:55,718 method:org.springframework.core.io.support.PropertiesLoaderSupport.loadProperties(PropertiesLoaderSupport.java:172)
Loading properties file from file [D:\taotao\taotao-order\taotao-order-service\target\classes\resource.properties]


[INFO ] 2018-07-21 00:47:55,769 method:org.springframework.beans.factory.annotation.AutowiredAnnotationBeanPostProcessor.<init>(AutowiredAnnotationBeanPostProcessor.java:153)
JSR-330 'javax.inject.Inject' annotation found and supported for autowiring


[INFO ] 2018-07-21 00:47:56,374 method:org.springframework.web.context.ContextLoader.initWebApplicationContext(ContextLoader.java:347)
Root WebApplicationContext: initialization completed in 1039 ms
